Warning: connection.session() MemoryStore is not
designed for a production environment, as it will leak
memory, and will not scale past a single process.
[Wed Jan 15 2014 23:19:36 GMT-0500 (EST)] [master:40129] Server started, listen at 7001, cluster: false
{ [Error: ENOENT, open '/Users/karen/documents/countstars/views/layout.html']
  errno: 34,
  code: 'ENOENT',
  path: '/Users/karen/documents/countstars/views/layout.html',
  url: '/' }
Error: ENOENT, open '/Users/karen/documents/countstars/views/layout.html'
Error: ENOENT, open '/Users/karen/documents/countstars/views/layout.html'
{ [Error: ENOENT, open '/Users/karen/documents/countstars/views/layout.html']
  errno: 34,
  code: 'ENOENT',
  path: '/Users/karen/documents/countstars/views/layout.html',
  url: '/' }
Error: ENOENT, open '/Users/karen/documents/countstars/views/layout.html'
Error: ENOENT, open '/Users/karen/documents/countstars/views/layout.html'
{ [Error: ENOENT, open '/Users/karen/documents/countstars/views/layout.html']
  errno: 34,
  code: 'ENOENT',
  path: '/Users/karen/documents/countstars/views/layout.html',
  url: '/' }
Error: ENOENT, open '/Users/karen/documents/countstars/views/layout.html'
Error: ENOENT, open '/Users/karen/documents/countstars/views/layout.html'
